0 info it worked if it ends with ok
1 verbose cli [ 'C:\\Program Files\\nodejs\\node.exe',
1 verbose cli   'C:\\Program Files\\nodejs\\node_modules\\npm\\bin\\npm-cli.js',
1 verbose cli   'run',
1 verbose cli   'serve' ]
2 info using npm@3.10.10
3 info using node@v6.11.3
4 verbose run-script [ 'preserve', 'serve', 'postserve' ]
5 info lifecycle conference-app@1.0.0~preserve: conference-app@1.0.0
6 silly lifecycle conference-app@1.0.0~preserve: no script for preserve, continuing
7 info lifecycle conference-app@1.0.0~serve: conference-app@1.0.0
8 verbose lifecycle conference-app@1.0.0~serve: unsafe-perm in lifecycle true
9 verbose lifecycle conference-app@1.0.0~serve: PATH: C:\Program Files\nodejs\node_modules\npm\bin\node-gyp-bin;C:\Users\Mélodie\Documents\DTA\workspace\conference-app\node_modules\.bin;C:\Program Files\nodejs\node_modules\npm\bin\node-gyp-bin;C:\Users\Mélodie\Documents\DTA\workspace\conference-app\node_modules\.bin;C:\Users\Mélodie\bin;C:\Program Files\Git\mingw64\bin;C:\Program Files\Git\usr\local\bin;C:\Program Files\Git\usr\bin;C:\Program Files\Git\usr\bin;C:\Program Files\Git\mingw64\bin;C:\Program Files\Git\usr\bin;C:\Users\Mélodie\bin;C:\ProgramData\Oracle\Java\javapath;C:\Program Files\Microsoft MPI\Bin;C:\oraclexe\app\oracle\product\11.2.0\server\bin;C:\wamp\bin\php\php5.5.12;C:\Program Files (x86)\Intel\iCLS Client;C:\Program Files\Intel\iCLS Client;C:\WINDOWS\system32;C:\WINDOWS;C:\WINDOWS\System32\Wbem;C:\WINDOWS\System32\WindowsPowerShell\v1.0;C:\Program Files (x86)\Microsoft SQL Server\100\Tools\Binn;C:\Program Files\Microsoft SQL Server\100\Tools\Binn;C:\Program Files\Microsoft SQL Server\100\DTS\Binn;C:\Program Files (x86)\Microsoft SQL Server\100\Tools\Binn\VSShell\Common7\IDE;C:\Program Files (x86)\Microsoft SQL Server\100\DTS\Binn;C:\Program Files\Intel\Intel(R) Management Engine Components\DAL;C:\Program Files\Intel\Intel(R) Management Engine Components\IPT;C:\Program Files (x86)\Intel\Intel(R) Management Engine Components\DAL;C:\Program Files (x86)\Intel\Intel(R) Management Engine Components\IPT;C:\Program Files (x86)\Skype\Phone;C:\WINDOWS\system32;C:\WINDOWS;C:\WINDOWS\System32\Wbem;C:\WINDOWS\System32\WindowsPowerShell\v1.0;C:\Program Files\Java\jdk1.7.0_55;C:\Users\Mélodie\.dnx\bin;C:\Program Files\Microsoft DNX\Dnvm;C:\Program Files\Microsoft SQL Server\130\Tools\Binn;C:\Program Files (x86)\Microsoft SQL Server\130\Tools\Binn;C:\Program Files (x86)\Microsoft SQL Server\130\DTS\Binn;C:\Program Files\Microsoft SQL Server\130\DTS\Binn;C:\Program Files\Microsoft SQL Server\Client SDK\ODBC\130\Tools\Binn;C:\Program Files (x86)\Microsoft SQL Server\Client SDK\ODBC\130\Tools\Binn;C:\Program Files (x86)\Microsoft SQL Server\130\Tools\Binn\ManagementStudio;C:\Program Files\dotnet;C:\Program Files (x86)\GtkSharp\2.12\bin;C:\Program Files (x86)\NVIDIA Corporation\PhysX\Common;C:\Program Files\nodejs;C:\Program Files\Git\cmd;C:\Users\Mélodie\AppData\Local\Android\android-sdk\platform-tools;C:\Users\Mélodie\AppData\Local\Android\android-sdk;C:\Program Files (x86)\Java\jdk1.8.0_131\bin;C:\Users\Mélodie\.gradle\wrapper\dists\gradle-4.2\bin;C:\Program Files\Java\jdk1.8.0_131;C:\Users\Mélodie\AppData\Local\Microsoft\WindowsApps;C:\Users\Mélodie\AppData\Roaming\npm;C:\Program Files\Git\usr\bin\vendor_perl;C:\Program Files\Git\usr\bin\core_perl
10 verbose lifecycle conference-app@1.0.0~serve: CWD: C:\Users\Mélodie\Documents\DTA\workspace\conference-app
11 silly lifecycle conference-app@1.0.0~serve: Args: [ '/d /s /c', 'webpack-dev-server' ]
12 silly lifecycle conference-app@1.0.0~serve: Returned: code: 1  signal: null
13 info lifecycle conference-app@1.0.0~serve: Failed to exec serve script
14 verbose stack Error: conference-app@1.0.0 serve: `webpack-dev-server`
14 verbose stack Exit status 1
14 verbose stack     at EventEmitter.<anonymous> (C:\Program Files\nodejs\node_modules\npm\lib\utils\lifecycle.js:255:16)
14 verbose stack     at emitTwo (events.js:106:13)
14 verbose stack     at EventEmitter.emit (events.js:191:7)
14 verbose stack     at ChildProcess.<anonymous> (C:\Program Files\nodejs\node_modules\npm\lib\utils\spawn.js:40:14)
14 verbose stack     at emitTwo (events.js:106:13)
14 verbose stack     at ChildProcess.emit (events.js:191:7)
14 verbose stack     at maybeClose (internal/child_process.js:920:16)
14 verbose stack     at Process.ChildProcess._handle.onexit (internal/child_process.js:230:5)
15 verbose pkgid conference-app@1.0.0
16 verbose cwd C:\Users\Mélodie\Documents\DTA\workspace\conference-app
17 error Windows_NT 10.0.15063
18 error argv "C:\\Program Files\\nodejs\\node.exe" "C:\\Program Files\\nodejs\\node_modules\\npm\\bin\\npm-cli.js" "run" "serve"
19 error node v6.11.3
20 error npm  v3.10.10
21 error code ELIFECYCLE
22 error conference-app@1.0.0 serve: `webpack-dev-server`
22 error Exit status 1
23 error Failed at the conference-app@1.0.0 serve script 'webpack-dev-server'.
23 error Make sure you have the latest version of node.js and npm installed.
23 error If you do, this is most likely a problem with the conference-app package,
23 error not with npm itself.
23 error Tell the author that this fails on your system:
23 error     webpack-dev-server
23 error You can get information on how to open an issue for this project with:
23 error     npm bugs conference-app
23 error Or if that isn't available, you can get their info via:
23 error     npm owner ls conference-app
23 error There is likely additional logging output above.
24 verbose exit [ 1, true ]
